==00:00:00:00.000 6857== Memcheck, a memory error detector
==00:00:00:00.000 6857== Copyright (C) 2002-2015, and GNU GPL'd, by Julian Seward et al.
==00:00:00:00.000 6857== Using Valgrind-3.11.0 and LibVEX; rerun with -h for copyright info
==00:00:00:00.000 6857== Command: ./server 8080
==00:00:00:00.000 6857== Parent PID: 4167
==00:00:00:00.000 6857== 
==00:00:00:11.837 6857== 
==00:00:00:11.837 6857== Process terminating with default action of signal 2 (SIGINT)
==00:00:00:11.837 6857==    at 0x4F3BD80: __accept_nocancel (in /usr/lib64/libc-2.23.so)
==00:00:00:11.837 6857==    by 0x4008F1: main (server.c:50)
==00:00:00:11.856 6857== 
==00:00:00:11.856 6857== FILE DESCRIPTORS: 5 open at exit.
==00:00:00:11.856 6857== Open AF_INET socket 4: 0.0.0.0:8080 <-> unbound
==00:00:00:11.856 6857==    at 0x4F3C287: socket (in /usr/lib64/libc-2.23.so)
==00:00:00:11.856 6857==    by 0x400898: main (server.c:43)
==00:00:00:11.856 6857== 
==00:00:00:11.856 6857== Open file descriptor 3: /home/male/Taller/TP1/Mi TP/valgrind.out
==00:00:00:11.856 6857==    <inherited from parent>
==00:00:00:11.856 6857== 
==00:00:00:11.856 6857== Open file descriptor 2: /dev/pts/0
==00:00:00:11.856 6857==    <inherited from parent>
==00:00:00:11.856 6857== 
==00:00:00:11.856 6857== Open file descriptor 1: /dev/pts/0
==00:00:00:11.856 6857==    <inherited from parent>
==00:00:00:11.856 6857== 
==00:00:00:11.856 6857== Open file descriptor 0: /dev/pts/0
==00:00:00:11.856 6857==    <inherited from parent>
==00:00:00:11.856 6857== 
==00:00:00:11.856 6857== 
==00:00:00:11.856 6857== HEAP SUMMARY:
==00:00:00:11.856 6857==     in use at exit: 64 bytes in 1 blocks
==00:00:00:11.856 6857==   total heap usage: 1 allocs, 0 frees, 64 bytes allocated
==00:00:00:11.856 6857== 
==00:00:00:11.856 6857== 64 bytes in 1 blocks are still reachable in loss record 1 of 1
==00:00:00:11.856 6857==    at 0x4C2BBAD: malloc (vg_replace_malloc.c:299)
==00:00:00:11.856 6857==    by 0x4F1F785: gaih_inet (in /usr/lib64/libc-2.23.so)
==00:00:00:11.856 6857==    by 0x4F2321A: getaddrinfo (in /usr/lib64/libc-2.23.so)
==00:00:00:11.856 6857==    by 0x400842: main (server.c:36)
==00:00:00:11.856 6857== 
==00:00:00:11.856 6857== LEAK SUMMARY:
==00:00:00:11.856 6857==    definitely lost: 0 bytes in 0 blocks
==00:00:00:11.856 6857==    indirectly lost: 0 bytes in 0 blocks
==00:00:00:11.856 6857==      possibly lost: 0 bytes in 0 blocks
==00:00:00:11.856 6857==    still reachable: 64 bytes in 1 blocks
==00:00:00:11.856 6857==         suppressed: 0 bytes in 0 blocks
==00:00:00:11.856 6857== 
==00:00:00:11.856 6857== For counts of detected and suppressed errors, rerun with: -v
==00:00:00:11.856 6857== ERROR SUMMARY: 0 errors from 0 contexts (suppressed: 0 from 0)
